<?xml version="1.0" encoding="UTF-8"?>
<!-- Generated by org.testng.reporters.JUnitReportReporter -->
<testsuite hostname="DESKTOP-767N599" failures="0" tests="3" name="com_Vans.Runners.Runners" time="44.683" errors="0" timestamp="2024-08-14T15:56:13 IST" skipped="0">
  <testcase classname="com_Vans.Runners.Runners" name="runScenario" time="0.672"/>
  <system-out/>
  <testcase classname="com_Vans.Runners.Runners" name="runScenario" time="43.609"/>
  <system-out/>
  <testcase classname="com_Vans.Runners.Runners" name="runScenario" time="0.402"/>
  <system-out/>
</testsuite> <!-- com_Vans.Runners.Runners -->
