<?xml version="1.0" encoding="UTF-8"?>
<!-- Generated by org.testng.reporters.JUnitReportReporter -->
<testsuite hostname="DESKTOP-767N599" failures="0" tests="3" name="com_Vans.Runners.Runners" time="43.716" errors="0" timestamp="2024-07-29T13:43:14 IST" skipped="0">
  <testcase classname="com_Vans.Runners.Runners" name="runScenario" time="1.049"/>
  <system-out/>
  <testcase classname="com_Vans.Runners.Runners" name="runScenario" time="4.652"/>
  <system-out/>
  <testcase classname="com_Vans.Runners.Runners" name="runScenario" time="38.015"/>
  <system-out/>
</testsuite> <!-- com_Vans.Runners.Runners -->
