<?xml version="1.0" encoding="UTF-8"?>
<!-- Generated by org.testng.reporters.JUnitReportReporter -->
<testsuite hostname="DESKTOP-767N599" failures="0" tests="1" name="com_Vans.Runners.Runners" time="34.042" errors="0" timestamp="2024-07-09T17:11:22 IST" skipped="0">
  <testcase classname="com_Vans.Runners.Runners" name="runScenario" time="34.042"/>
</testsuite> <!-- com_Vans.Runners.Runners -->
