<?xml version="1.0" encoding="UTF-8"?>
<!-- Generated by org.testng.reporters.JUnitReportReporter -->
<testsuite hostname="DESKTOP-767N599" failures="0" tests="3" name="com_Vans.Runners.Runners" time="16.187" errors="0" timestamp="2024-08-09T07:55:12 IST" skipped="0">
  <testcase classname="com_Vans.Runners.Runners" name="runScenario" time="14.806"/>
  <system-out/>
  <testcase classname="com_Vans.Runners.Runners" name="runScenario" time="0.901"/>
  <system-out/>
  <testcase classname="com_Vans.Runners.Runners" name="runScenario" time="0.480"/>
  <system-out/>
</testsuite> <!-- com_Vans.Runners.Runners -->
