<?xml version="1.0" encoding="UTF-8"?>
<!-- Generated by org.testng.reporters.JUnitReportReporter -->
<testsuite hostname="DESKTOP-767N599" failures="0" tests="3" name="com_Vans.Runners.Runners" time="45.359" errors="0" timestamp="2024-07-31T10:47:12 IST" skipped="0">
  <testcase classname="com_Vans.Runners.Runners" name="runScenario" time="0.923"/>
  <system-out/>
  <testcase classname="com_Vans.Runners.Runners" name="runScenario" time="4.451"/>
  <system-out/>
  <testcase classname="com_Vans.Runners.Runners" name="runScenario" time="39.985"/>
  <system-out/>
</testsuite> <!-- com_Vans.Runners.Runners -->
