<?xml version="1.0" encoding="UTF-8"?>
<!-- Generated by org.testng.reporters.JUnitReportReporter -->
<testsuite hostname="DESKTOP-767N599" failures="0" tests="3" name="com_Vans.Runners.Runners" time="43.879" errors="0" timestamp="2024-07-17T15:45:15 IST" skipped="0">
  <testcase classname="com_Vans.Runners.Runners" name="runScenario" time="7.045"/>
  <testcase classname="com_Vans.Runners.Runners" name="runScenario" time="36.713"/>
  <testcase classname="com_Vans.Runners.Runners" name="runScenario" time="0.121"/>
</testsuite> <!-- com_Vans.Runners.Runners -->
