<?xml version="1.0" encoding="UTF-8"?>
<!-- Generated by org.testng.reporters.JUnitReportReporter -->
<testsuite hostname="DESKTOP-767N599" failures="0" tests="3" name="com_Vans.Runners.Runners" time="39.941" errors="0" timestamp="2024-07-24T16:24:41 IST" skipped="0">
  <testcase classname="com_Vans.Runners.Runners" name="runScenario" time="0.127"/>
  <testcase classname="com_Vans.Runners.Runners" name="runScenario" time="30.353"/>
  <testcase classname="com_Vans.Runners.Runners" name="runScenario" time="9.461"/>
</testsuite> <!-- com_Vans.Runners.Runners -->
