<?xml version="1.0" encoding="UTF-8"?>
<!-- Generated by org.testng.reporters.JUnitReportReporter -->
<testsuite hostname="DESKTOP-767N599" failures="0" tests="3" name="com_Vans.Runners.Runners" time="21.409" errors="0" timestamp="2024-08-01T07:24:27 IST" skipped="0">
  <testcase classname="com_Vans.Runners.Runners" name="runScenario" time="14.537"/>
  <system-out/>
  <testcase classname="com_Vans.Runners.Runners" name="runScenario" time="1.328"/>
  <system-out/>
  <testcase classname="com_Vans.Runners.Runners" name="runScenario" time="5.544"/>
  <system-out/>
</testsuite> <!-- com_Vans.Runners.Runners -->
