<?xml version="1.0" encoding="UTF-8"?>
<!-- Generated by org.testng.reporters.JUnitReportReporter -->
<testsuite hostname="DESKTOP-767N599" failures="0" tests="1" name="com_Vans.Runners.Runners" time="30.194" errors="0" timestamp="2024-07-10T14:53:32 IST" skipped="0">
  <testcase classname="com_Vans.Runners.Runners" name="runScenario" time="30.194"/>
</testsuite> <!-- com_Vans.Runners.Runners -->
