<?xml version="1.0" encoding="UTF-8"?>
<!-- Generated by org.testng.reporters.JUnitReportReporter -->
<testsuite hostname="DESKTOP-767N599" failures="0" tests="3" name="com_Vans.Runners.Runners" time="71.682" errors="0" timestamp="2024-08-01T13:44:57 IST" skipped="0">
  <testcase classname="com_Vans.Runners.Runners" name="runScenario" time="1.042"/>
  <system-out/>
  <testcase classname="com_Vans.Runners.Runners" name="runScenario" time="64.169"/>
  <system-out/>
  <testcase classname="com_Vans.Runners.Runners" name="runScenario" time="6.471"/>
  <system-out/>
</testsuite> <!-- com_Vans.Runners.Runners -->
