<?xml version="1.0" encoding="UTF-8"?>
<!-- Generated by org.testng.reporters.JUnitReportReporter -->
<testsuite hostname="DESKTOP-767N599" failures="0" tests="3" name="com_Vans.Runners.Runners" time="39.614" errors="0" timestamp="2024-07-11T15:54:35 IST" skipped="0">
  <testcase classname="com_Vans.Runners.Runners" name="runScenario" time="0.138"/>
  <testcase classname="com_Vans.Runners.Runners" name="runScenario" time="3.554"/>
  <testcase classname="com_Vans.Runners.Runners" name="runScenario" time="35.922"/>
</testsuite> <!-- com_Vans.Runners.Runners -->
