<?xml version="1.0" encoding="UTF-8"?>
<!-- Generated by org.testng.reporters.JUnitReportReporter -->
<testsuite hostname="DESKTOP-767N599" failures="0" tests="3" name="com_Vans.Runners.Runners" time="31.103" errors="0" timestamp="2024-07-10T18:36:38 IST" skipped="0">
  <testcase classname="com_Vans.Runners.Runners" name="runScenario" time="0.140"/>
  <testcase classname="com_Vans.Runners.Runners" name="runScenario" time="30.954"/>
  <testcase classname="com_Vans.Runners.Runners" name="runScenario" time="0.009"/>
</testsuite> <!-- com_Vans.Runners.Runners -->
