<?xml version="1.0" encoding="UTF-8"?>
<!-- Generated by org.testng.reporters.JUnitReportReporter -->
<testsuite hostname="DESKTOP-767N599" failures="0" tests="3" name="com_Vans.Runners.Runners" time="34.589" errors="0" timestamp="2024-07-26T15:10:29 IST" skipped="0">
  <testcase classname="com_Vans.Runners.Runners" name="runScenario" time="28.136"/>
  <testcase classname="com_Vans.Runners.Runners" name="runScenario" time="6.293"/>
  <testcase classname="com_Vans.Runners.Runners" name="runScenario" time="0.160"/>
</testsuite> <!-- com_Vans.Runners.Runners -->
